Height: 7
Size: 40
In order traverse (displaying first 40 numbers): 
   13    8   39   38   17   30   32   15
    1   18   33   10   28    6   25   31
   27   35   20   23    4   14    0   22
   26    9   12   24   34    7    2   29
   11   16   21   19    3   36   37    5


Pre order traverse (displaying first 40 numbers): 
    4   28   15   17   39    8   13   38
   32   30   33   18    1   10   35   31
   25    6   27   23   20   11   24   26
    0   14   22   12    9    2    7   34
   29   36   19   21   16    3    5   37


Post order traverse (displaying first 40 numbers): 
   13    8   38   39   30   32   17    1
   18   10   33   15    6   25   27   31
   20   23   35   28   14   22    0    9
   12   26   34    7   29    2   24   16
   21    3   19   37    5   36   11    4

